c:\users\psyclone\source\repos\game1017_a2_nguyen_mhulfeldwmine\game1017_emptyengine\debug\vc143.pdb
c:\users\psyclone\source\repos\game1017_a2_nguyen_mhulfeldwmine\game1017_emptyengine\debug\vc143.idb
c:\users\psyclone\source\repos\game1017_a2_nguyen_mhulfeldwmine\game1017_emptyengine\debug\tiledlevel.obj
c:\users\psyclone\source\repos\game1017_a2_nguyen_mhulfeldwmine\game1017_emptyengine\debug\texturemanager.obj
c:\users\psyclone\source\repos\game1017_a2_nguyen_mhulfeldwmine\game1017_emptyengine\debug\states.obj
c:\users\psyclone\source\repos\game1017_a2_nguyen_mhulfeldwmine\game1017_emptyengine\debug\statemanager.obj
c:\users\psyclone\source\repos\game1017_a2_nguyen_mhulfeldwmine\game1017_emptyengine\debug\soundmanager.obj
c:\users\psyclone\source\repos\game1017_a2_nguyen_mhulfeldwmine\game1017_emptyengine\debug\primitives.obj
c:\users\psyclone\source\repos\game1017_a2_nguyen_mhulfeldwmine\game1017_emptyengine\debug\platformplayer.obj
c:\users\psyclone\source\repos\game1017_a2_nguyen_mhulfeldwmine\game1017_emptyengine\debug\mathmanager.obj
c:\users\psyclone\source\repos\game1017_a2_nguyen_mhulfeldwmine\game1017_emptyengine\debug\main.obj
c:\users\psyclone\source\repos\game1017_a2_nguyen_mhulfeldwmine\game1017_emptyengine\debug\eventmanager.obj
c:\users\psyclone\source\repos\game1017_a2_nguyen_mhulfeldwmine\game1017_emptyengine\debug\engine.obj
c:\users\psyclone\source\repos\game1017_a2_nguyen_mhulfeldwmine\game1017_emptyengine\debug\collisionmanager.obj
c:\users\psyclone\source\repos\game1017_a2_nguyen_mhulfeldwmine\game1017_emptyengine\debug\button3.obj
c:\users\psyclone\source\repos\game1017_a2_nguyen_mhulfeldwmine\game1017_emptyengine\debug\fontmanager.obj
c:\users\psyclone\source\repos\game1017_a2_nguyen_mhulfeldwmine\game1017_emptyengine\debug\timer.obj
c:\users\psyclone\source\repos\game1017_a2_nguyen_mhulfeldwmine\debug\game1017_emptyengine.exe
c:\users\psyclone\source\repos\game1017_a2_nguyen_mhulfeldwmine\game1017_emptyengine\debug\game1017_emptyengine.ilk
c:\users\psyclone\source\repos\game1017_a2_nguyen_mhulfeldwmine\debug\game1017_emptyengine.pdb
c:\users\psyclone\source\repos\game1017_a2_nguyen_mhulfeldwmine\game1017_emptyengine\debug\vc142.idb
c:\users\psyclone\source\repos\game1017_a2_nguyen_mhulfeldwmine\game1017_emptyengine\debug\vc142.pdb
c:\users\psyclone\source\repos\game1017_a2_nguyen_mhulfeldwmine\game1017_emptyengine\debug\game1017.5ae98247.tlog\cl.command.1.tlog
c:\users\psyclone\source\repos\game1017_a2_nguyen_mhulfeldwmine\game1017_emptyengine\debug\game1017.5ae98247.tlog\cl.read.1.tlog
c:\users\psyclone\source\repos\game1017_a2_nguyen_mhulfeldwmine\game1017_emptyengine\debug\game1017.5ae98247.tlog\cl.write.1.tlog
c:\users\psyclone\source\repos\game1017_a2_nguyen_mhulfeldwmine\game1017_emptyengine\debug\game1017.5ae98247.tlog\link.command.1.tlog
c:\users\psyclone\source\repos\game1017_a2_nguyen_mhulfeldwmine\game1017_emptyengine\debug\game1017.5ae98247.tlog\link.read.1.tlog
c:\users\psyclone\source\repos\game1017_a2_nguyen_mhulfeldwmine\game1017_emptyengine\debug\game1017.5ae98247.tlog\link.write.1.tlog
